<?xml version="1.0" encoding="UTF-8"?>
<!-- Generated by org.testng.reporters.JUnitXMLReporter -->
<testsuite hostname="QSIH-00402" ignored="0" name="API-v2.0_Test" tests="1" failures="0" timestamp="04 Mar 2018 10:59:34 GMT" time="0.021" errors="0">
  <testcase name="@BeforeMethod beforeTest" time="0.0" classname="com.testscripts.BaseTest">
    <skipped/>
  </testcase> <!-- @BeforeMethod beforeTest -->
  <testcase name="@AfterClass testCleanUp" time="0.0" classname="com.testscripts.BaseTest">
    <skipped/>
  </testcase> <!-- @AfterClass testCleanUp -->
  <testcase name="chart_GetSocialHistory_TC1" time="0.0" classname="com.testscripts.Chart_GetSocialHistory_TC1">
    <skipped/>
  </testcase> <!-- chart_GetSocialHistory_TC1 -->
</testsuite> <!-- API-v2.0_Test -->
