<?xml version="1.0" encoding="UTF-8"?>
<testng-results skipped="0" failed="0" ignored="0" total="1" passed="1">
  <reporter-output>
  </reporter-output>
  <suite name="API-v2.0_Suite" duration-ms="5570" started-at="2018-03-02T09:09:16Z" finished-at="2018-03-02T09:09:21Z">
    <groups>
    </groups>
    <test name="API-v2.0_Test" duration-ms="5570" started-at="2018-03-02T09:09:16Z" finished-at="2018-03-02T09:09:21Z">
      <class name="com.testscripts.Chart_GetSocialHistory_TC1">
        <test-method status="PASS" signature="createDetailedTestLog()[pri:0, instance:com.testscripts.Chart_GetSocialHistory_TC1@712625fd]" name="createDetailedTestLog" is-config="true" duration-ms="3461" started-at="2018-03-02T14:39:12Z" finished-at="2018-03-02T14:39:16Z">
          <reporter-output>
          </reporter-output>
        </test-method> <!-- createDetailedTestLog -->
        <test-method status="PASS" signature="preCondition()[pri:0, instance:com.testscripts.Chart_GetSocialHistory_TC1@712625fd]" name="preCondition" is-config="true" duration-ms="4" started-at="2018-03-02T14:39:16Z" finished-at="2018-03-02T14:39:16Z">
          <reporter-output>
          </reporter-output>
        </test-method> <!-- preCondition -->
        <test-method status="PASS" signature="chart_GetSocialHistory_TC1()[pri:0, instance:com.testscripts.Chart_GetSocialHistory_TC1@712625fd]" name="chart_GetSocialHistory_TC1" duration-ms="5556" started-at="2018-03-02T14:39:16Z" finished-at="2018-03-02T14:39:21Z">
          <reporter-output>
          </reporter-output>
        </test-method> <!-- chart_GetSocialHistory_TC1 -->
        <test-method status="PASS" signature="beforeTest()[pri:0, instance:com.testscripts.Chart_GetSocialHistory_TC1@712625fd]" name="beforeTest" is-config="true" duration-ms="0" started-at="2018-03-02T14:39:16Z" finished-at="2018-03-02T14:39:16Z">
          <reporter-output>
          </reporter-output>
        </test-method> <!-- beforeTest -->
        <test-method status="PASS" signature="testCleanUp()[pri:0, instance:com.testscripts.Chart_GetSocialHistory_TC1@712625fd]" name="testCleanUp" is-config="true" duration-ms="1" started-at="2018-03-02T14:39:21Z" finished-at="2018-03-02T14:39:21Z">
          <reporter-output>
          </reporter-output>
        </test-method> <!-- testCleanUp -->
        <test-method status="PASS" signature="tearDown()[pri:0, instance:com.testscripts.Chart_GetSocialHistory_TC1@712625fd]" name="tearDown" is-config="true" duration-ms="0" started-at="2018-03-02T14:39:21Z" finished-at="2018-03-02T14:39:21Z">
          <reporter-output>
          </reporter-output>
        </test-method> <!-- tearDown -->
      </class> <!-- com.testscripts.Chart_GetSocialHistory_TC1 -->
    </test> <!-- API-v2.0_Test -->
  </suite> <!-- API-v2.0_Suite -->
</testng-results>
